\BOOKMARK [0][-]{section*.2}{\376\377\144\130\000\040\211\201}{}% 1
\BOOKMARK [0][-]{section*.4}{Abstract}{}% 2
\BOOKMARK [0][-]{section*.5}{\376\377\166\356\000\040\137\125}{}% 3
\BOOKMARK [0][-]{section*.7}{\376\377\126\376\210\150\166\356\137\125}{}% 4
\BOOKMARK [0][-]{section*.13}{\376\377\173\046\123\367\122\027\210\150}{}% 5
\BOOKMARK [0][-]{chapter.1}{\376\377\173\054\0001\172\340\000\040\000\040\176\352\213\272}{}% 6
\BOOKMARK [1][-]{section.1.1}{\376\377\0001\000.\0001\000\040\200\314\146\157}{chapter.1}% 7
\BOOKMARK [1][-]{section.1.2}{\376\377\0001\000.\0002\000\040\174\373\176\337\211\201\154\102}{chapter.1}% 8
\BOOKMARK [0][-]{chapter.2}{\376\377\173\054\0002\172\340\000\040\000\040\000L\000a\000T\000e\000X\117\177\165\050\213\364\146\016}{}% 9
\BOOKMARK [1][-]{section.2.1}{\376\377\0002\000.\0001\000\040\122\035\153\145\213\276\177\156}{chapter.2}% 10
\BOOKMARK [1][-]{section.2.2}{\376\377\0002\000.\0002\000\040\145\207\150\143\166\356\137\125\173\200\116\313}{chapter.2}% 11
\BOOKMARK [2][-]{subsection.2.2.1}{2.2.1\040Thesis.tex}{section.2.2}% 12
\BOOKMARK [2][-]{subsection.2.2.2}{\376\377\0002\000.\0002\000.\0002\000\040\177\026\213\321\201\032\147\054}{section.2.2}% 13
\BOOKMARK [2][-]{subsection.2.2.3}{\376\377\0002\000.\0002\000.\0003\000\040\000T\000m\000p\145\207\116\366\131\071}{section.2.2}% 14
\BOOKMARK [2][-]{subsection.2.2.4}{\376\377\0002\000.\0002\000.\0004\000\040\000S\000t\000y\000l\000e\145\207\116\366\131\071}{section.2.2}% 15
\BOOKMARK [2][-]{subsection.2.2.5}{\376\377\0002\000.\0002\000.\0005\000\040\000T\000e\000x\145\207\116\366\131\071}{section.2.2}% 16
\BOOKMARK [2][-]{subsection.2.2.6}{\376\377\0002\000.\0002\000.\0006\000\040\000I\000m\000g\145\207\116\366\131\071}{section.2.2}% 17
\BOOKMARK [2][-]{subsection.2.2.7}{\376\377\0002\000.\0002\000.\0007\000\040\000B\000i\000b\000l\000i\000o\145\207\116\366\131\071}{section.2.2}% 18
\BOOKMARK [1][-]{section.2.3}{\376\377\0002\000.\0003\000\040\122\237\200\375\116\313\176\315}{chapter.2}% 19
\BOOKMARK [2][-]{subsection.2.3.1}{\376\377\0002\000.\0003\000.\0001\000\040\145\160\133\146\121\154\137\017}{section.2.3}% 20
\BOOKMARK [2][-]{subsection.2.3.2}{\376\377\0002\000.\0003\000.\0002\000\040\145\160\133\146\163\257\130\203}{section.2.3}% 21
\BOOKMARK [2][-]{subsection.2.3.3}{\376\377\0002\000.\0003\000.\0003\000\040\126\376}{section.2.3}% 22
\BOOKMARK [2][-]{subsection.2.3.4}{\376\377\0002\000.\0003\000.\0004\000\040\210\150}{section.2.3}% 23
\BOOKMARK [2][-]{subsection.2.3.5}{\376\377\0002\000.\0003\000.\0005\000\040\123\302\200\003\145\207\163\056\137\025\165\050}{section.2.3}% 24
\BOOKMARK [1][-]{section.2.4}{\376\377\0002\000.\0004\000\040\136\070\211\301\117\177\165\050\225\356\230\230}{chapter.2}% 25
\BOOKMARK [0][-]{chapter.3}{\376\377\173\054\0003\172\340\000\040\000\040\116\055\126\375\171\321\133\146\226\142\131\047\133\146\000\040\170\024\172\166\165\037\133\146\117\115\213\272\145\207\144\260\121\231\211\304\203\003\143\007\133\374\141\017\211\301\377\010\202\202\220\011\377\011}{}% 26
\BOOKMARK [1][-]{section.3.1}{\376\377\0003\000.\0001\000\040\176\304\142\020\123\312\211\201\154\102}{chapter.3}% 27
\BOOKMARK [2][-]{subsection.3.1.1}{\376\377\0003\000.\0001\000.\0001\000\040\134\001\227\142}{section.3.1}% 28
\BOOKMARK [2][-]{subsection.3.1.2}{\376\377\0003\000.\0001\000.\0002\000\040\123\237\122\033\140\047\130\360\146\016\123\312\143\210\147\103\117\177\165\050\130\360\146\016}{section.3.1}% 29
\BOOKMARK [2][-]{subsection.3.1.3}{\376\377\0003\000.\0001\000.\0003\000\040\144\130\211\201\124\214\121\163\225\056\213\315}{section.3.1}% 30
\BOOKMARK [2][-]{subsection.3.1.4}{\376\377\0003\000.\0001\000.\0004\000\040\166\356\137\125}{section.3.1}% 31
\BOOKMARK [2][-]{subsection.3.1.5}{\376\377\0003\000.\0001\000.\0005\000\040\173\046\123\367\213\364\146\016\377\010\202\345\147\011\377\011}{section.3.1}% 32
\BOOKMARK [2][-]{subsection.3.1.6}{\376\377\0003\000.\0001\000.\0006\000\040\153\143\145\207}{section.3.1}% 33
\BOOKMARK [2][-]{subsection.3.1.7}{\376\377\0003\000.\0001\000.\0007\000\040\123\302\200\003\145\207\163\056}{section.3.1}% 34
\BOOKMARK [2][-]{subsection.3.1.8}{\376\377\0003\000.\0001\000.\0008\000\040\226\104\137\125\377\010\202\345\147\011\377\011}{section.3.1}% 35
\BOOKMARK [2][-]{subsection.3.1.9}{\376\377\0003\000.\0001\000.\0009\000\040\201\364\214\042}{section.3.1}% 36
\BOOKMARK [2][-]{subsection.3.1.10}{\376\377\0003\000.\0001\000.\0001\0000\000\040\117\134\200\005\173\200\123\206\123\312\145\073\213\373\133\146\117\115\147\037\225\364\123\321\210\150\166\204\133\146\147\057\213\272\145\207\116\016\121\166\116\326\166\370\121\163\133\146\147\057\142\020\147\234}{section.3.1}% 37
\BOOKMARK [1][-]{section.3.2}{\376\377\0003\000.\0002\000\040\144\260\121\231\211\201\154\102}{chapter.3}% 38
\BOOKMARK [2][-]{subsection.3.2.1}{\376\377\0003\000.\0002\000.\0001\000\040\133\146\117\115\213\272\145\207\127\372\147\054\211\201\154\102}{section.3.2}% 39
\BOOKMARK [2][-]{subsection.3.2.2}{\376\377\0003\000.\0002\000.\0002\000\040\213\272\145\207\123\237\122\033\140\047\211\201\154\102}{section.3.2}% 40
\BOOKMARK [2][-]{subsection.3.2.3}{\376\377\0003\000.\0002\000.\0003\000\040\213\272\145\207\122\033\145\260\140\047\211\201\154\102}{section.3.2}% 41
\BOOKMARK [2][-]{subsection.3.2.4}{\376\377\0003\000.\0002\000.\0004\000\040\133\146\117\115\213\272\145\207\166\204\133\127\145\160\211\201\154\102}{section.3.2}% 42
\BOOKMARK [2][-]{subsection.3.2.5}{\376\377\0003\000.\0002\000.\0005\000\040\145\207\133\127\060\001\150\007\160\271\173\046\123\367\124\214\145\160\133\127}{section.3.2}% 43
\BOOKMARK [2][-]{subsection.3.2.6}{\376\377\0003\000.\0002\000.\0006\000\040\213\272\145\207\153\143\145\207}{section.3.2}% 44
\BOOKMARK [2][-]{subsection.3.2.7}{\376\377\0003\000.\0002\000.\0007\000\040\123\302\200\003\145\207\163\056}{section.3.2}% 45
\BOOKMARK [1][-]{section.3.3}{\376\377\0003\000.\0003\000\040\143\222\162\110\116\016\123\160\122\067\211\201\154\102}{chapter.3}% 46
\BOOKMARK [2][-]{subsection.3.3.1}{\376\377\0003\000.\0003\000.\0001\000\040\176\270\137\040\116\016\230\165\227\142\211\201\154\102}{section.3.3}% 47
\BOOKMARK [2][-]{subsection.3.3.2}{\376\377\0003\000.\0003\000.\0002\000\040\123\160\122\067\123\312\210\305\213\242\211\201\154\102}{section.3.3}% 48
\BOOKMARK [2][-]{subsection.3.3.3}{\376\377\0003\000.\0003\000.\0003\000\040\116\146\201\012}{section.3.3}% 49
\BOOKMARK [0][-]{section*.23}{\376\377\123\302\200\003\145\207\163\056}{}% 50
\BOOKMARK [0][-]{appendix.A}{\376\377\226\104\137\125\000\040\116\000\000\040\000\040\226\104\137\125\116\055\166\204\121\154\137\017}{}% 51
\BOOKMARK [0][-]{appendix.B}{\376\377\226\104\137\125\000\040\116\214\000\040\000\040\226\104\137\125\116\055\166\204\126\376\210\150}{}% 52
\BOOKMARK [0][-]{appendix*.27}{\376\377\201\364\214\042}{}% 53
\BOOKMARK [0][-]{appendix*.28}{\376\377\117\134\200\005\173\200\123\206\123\312\145\073\213\373\133\146\117\115\147\037\225\364\123\321\210\150\166\204\133\146\147\057\213\272\145\207\116\016\121\166\116\326\166\370\121\163\133\146\147\057\142\020\147\234}{}% 54
